<?xml version="1.0" encoding="UTF-8"?>
<!-- Generated by org.testng.reporters.JUnitReportReporter -->
<testsuite hostname="Gopi" failures="0" tests="1" name="TestNGFrameWork.AlertBox" time="10.177" errors="0" timestamp="2023-05-02T12:23:05 IST" skipped="0">
  <testcase classname="TestNGFrameWork.AlertBox" name="loginCredentails" time="10.177"/>
  <system-out/>
</testsuite> <!-- TestNGFrameWork.AlertBox -->
