<?xml version="1.0" encoding="UTF-8"?>
<!-- Generated by org.testng.reporters.JUnitReportReporter -->
<testsuite hostname="Gopi" failures="0" tests="1" name="TestNGFrameWork.TrackersAdd" time="4.049" errors="0" timestamp="2023-05-03T11:25:37 IST" skipped="0">
  <testcase classname="TestNGFrameWork.TrackersAdd" name="loginCredentails" time="4.049"/>
  <system-out/>
</testsuite> <!-- TestNGFrameWork.TrackersAdd -->
